2025-08-20 17:11:56,070 - INFO - Predict | input: good | cleaned: good | prediction: positive | confidence: 0.99
2025-08-20 17:33:57,060 | INFO | Single predict | input: good | cleaned: good | prediction: positive | confidence: 0.99
2025-08-20 17:34:06,509 | INFO | Batch predict | input: good | cleaned: good | prediction: positive | confidence: 0.99
2025-08-20 17:34:06,509 | INFO | Batch predict | input: bad | cleaned: bad | prediction: negative | confidence: 0.97
2025-08-20 17:34:06,510 | INFO | Batch predict | input: neutral | cleaned: neutral | prediction: positive | confidence: 0.7
2025-08-20 17:45:19,836 | INFO | Batch predict | input: good | prediction: positive | confidence: 0.99
2025-08-20 17:45:19,838 | INFO | Batch predict | input: bad | prediction: negative | confidence: 0.97
2025-08-20 17:45:19,839 | INFO | Batch predict | input: good | prediction: positive | confidence: 0.99
2025-08-20 17:45:19,840 | INFO | Batch predict | input: neutral | prediction: positive | confidence: 0.7
2025-08-20 17:45:36,506 | INFO | Single predict | input: good | cleaned: good | prediction: positive | confidence: 0.99
2025-08-20 17:46:03,956 | INFO | Batch predict | input: good | prediction: positive | confidence: 0.99
2025-08-20 17:46:03,958 | INFO | Batch predict | input: bad | prediction: negative | confidence: 0.97
2025-08-20 17:46:03,958 | INFO | Batch predict | input: good | prediction: positive | confidence: 0.99
2025-08-20 17:46:03,959 | WARNING | Batch prediction invalid input: 123
2025-08-20 19:20:20,944 | INFO | Single predict | input: I love the product | cleaned: i love the product | prediction: positive | confidence: 0.92
2025-08-20 19:22:04,623 | INFO | Batch predict | input: I love this product! | prediction: positive | confidence: 0.9
2025-08-20 19:22:04,624 | INFO | Batch predict | input: This is terrible. | prediction: negative | confidence: 0.97
2025-08-20 19:22:04,625 | INFO | Batch predict | input: Seems to be OK | prediction: negative | confidence: 0.64
2025-08-20 19:22:04,625 | INFO | Batch predict | input: Worst product ever!!! | prediction: negative | confidence: 0.85
2025-08-20 19:22:13,557 | INFO | Batch predict | input: I love this product! | prediction: positive | confidence: 0.9
2025-08-20 19:22:13,559 | INFO | Batch predict | input: This is terrible. | prediction: negative | confidence: 0.97
2025-08-20 19:22:13,559 | INFO | Batch predict | input: Seems to be fine | prediction: positive | confidence: 0.58
2025-08-20 19:22:13,560 | INFO | Batch predict | input: Worst product ever!!! | prediction: negative | confidence: 0.85
